<?xml version="1.0" encoding="UTF-8"?>
<!-- Generated by org.testng.reporters.JUnitReportReporter -->
<testsuite hostname="sreeja7340" failures="0" tests="1" name="com.testing.LoginPageTest" time="4.270" errors="0" timestamp="2022-09-30T10:32:37 IST" skipped="0">
  <testcase classname="com.testing.LoginPageTest" name="loginPageTest" time="4.270"/>
  <system-out/>
</testsuite> <!-- com.testing.LoginPageTest -->
