<?xml version="1.0" encoding="UTF-8"?>
<!-- Generated by org.testng.reporters.JUnitReportReporter -->
<testsuite hostname="sreeja7340" failures="0" tests="1" name="com.testing.GooglePageTest" time="15.620" errors="0" timestamp="2022-09-30T10:35:09 IST" skipped="0">
  <testcase classname="com.testing.GooglePageTest" name="f" time="15.620"/>
  <system-out/>
</testsuite> <!-- com.testing.GooglePageTest -->
