<?xml version="1.0" encoding="UTF-8"?>
<!-- Generated by org.testng.reporters.JUnitReportReporter -->
<testsuite hostname="sreeja7340" failures="0" tests="1" name="com.service.SampleTest" time="0.002" errors="0" timestamp="2022-09-27T10:38:45 IST" skipped="0">
  <testcase classname="com.service.SampleTest" name="f1" time="0.002"/>
  <system-out/>
</testsuite> <!-- com.service.SampleTest -->
