<?xml version="1.0" encoding="UTF-8"?>
<!-- Generated by org.testng.reporters.JUnitReportReporter -->
<testsuite hostname="sreeja7340" failures="0" tests="3" name="com.service.HookTestingMethods" time="0.011" errors="0" timestamp="2022-09-27T10:38:45 IST" skipped="0">
  <testcase classname="com.service.HookTestingMethods" name="f2" time="0.003"/>
  <system-out/>
  <testcase classname="com.service.HookTestingMethods" name="f2" time="0.007"/>
  <system-out/>
  <testcase classname="com.service.HookTestingMethods" name="f1" time="0.001"/>
  <system-out/>
</testsuite> <!-- com.service.HookTestingMethods -->
