<?xml version="1.0" encoding="UTF-8"?>
<!-- Generated by org.testng.reporters.JUnitReportReporter -->
<testsuite hostname="sreeja7340" failures="0" tests="4" name="com.service.OrderTestExecution" time="0.004" errors="0" timestamp="2022-09-27T10:38:45 IST" skipped="0">
  <testcase classname="com.service.OrderTestExecution" name="b" time="0.001"/>
  <system-out/>
  <testcase classname="com.service.OrderTestExecution" name="c" time="0.001"/>
  <system-out/>
  <testcase classname="com.service.OrderTestExecution" name="d" time="0.001"/>
  <system-out/>
  <testcase classname="com.service.OrderTestExecution" name="a" time="0.001"/>
  <system-out/>
</testsuite> <!-- com.service.OrderTestExecution -->
