<?xml version="1.0" encoding="UTF-8"?>
<!-- Generated by org.testng.reporters.JUnitReportReporter -->
<testsuite hostname="sreeja7340" failures="0" tests="1" name="com.testing.LoginTest" time="70.755" errors="0" timestamp="2022-09-30T14:48:27 IST" skipped="0">
  <testcase classname="com.testing.LoginTest" name="loginChaceking" time="70.755"/>
  <system-out/>
</testsuite> <!-- com.testing.LoginTest -->
